# JRE version: Java(TM) SE Runtime Environment (8.0_231-b11) (build 1.8.0_231-b11)
# Java VM: Java HotSpot(TM) 64-Bit Server VM (25.231-b11 mixed mode windows-amd64 compressed oops)
Heap:
 PSYoungGen      total 425472K, used 327881K [0x0000000780a00000, 0x000000079e300000, 0x00000007c0000000)
  eden space 377344K, 85% used [0x0000000780a00000,0x000000079443d990,0x0000000797a80000)
  from space 48128K, 12% used [0x0000000797a80000,0x0000000798074ae0,0x000000079a980000)
  to   space 37376K, 0% used [0x000000079a980000,0x000000079a980000,0x000000079ce00000)
 ParOldGen       total 131072K, used 130934K [0x0000000701e00000, 0x0000000709e00000, 0x0000000780a00000)
  object space 131072K, 99% used [0x0000000701e00000,0x0000000709ddd950,0x0000000709e00000)
 Metaspace       used 19321K, capacity 19664K, committed 19840K, reserved 1067008K
  class space    used 2553K, capacity 2641K, committed 2688K, reserved 1048576K
GC Heap History (10 events):
Event: 8.032 GC heap before
{Heap before GC invocations=6 (full 0):
 PSYoungGen      total 106496K, used 106469K [0x0000000780a00000, 0x000000078f800000, 0x00000007c0000000)
  eden space 98304K, 100% used [0x0000000780a00000,0x0000000786a00000,0x0000000786a00000)
  from space 8192K, 99% used [0x0000000786a00000,0x00000007871f9568,0x0000000787200000)
  to   space 23552K, 0% used [0x000000078e100000,0x000000078e100000,0x000000078f800000)
 ParOldGen       total 131072K, used 46448K [0x0000000701e00000, 0x0000000709e00000, 0x0000000780a00000)
  object space 131072K, 35% used [0x0000000701e00000,0x0000000704b5c110,0x0000000709e00000)
 Metaspace       used 19307K, capacity 19618K, committed 19840K, reserved 1067008K
  class space    used 2554K, capacity 2644K, committed 2688K, reserved 1048576K
Event: 8.046 GC heap after
Heap after GC invocations=6 (full 0):
 PSYoungGen      total 217600K, used 23535K [0x0000000780a00000, 0x000000078fd00000, 0x00000007c0000000)
  eden space 194048K, 0% used [0x0000000780a00000,0x0000000780a00000,0x000000078c780000)
  from space 23552K, 99% used [0x000000078e100000,0x000000078f7fbfd8,0x000000078f800000)
  to   space 26112K, 0% used [0x000000078c780000,0x000000078c780000,0x000000078e100000)
 ParOldGen       total 131072K, used 46856K [0x0000000701e00000, 0x0000000709e00000, 0x0000000780a00000)
  object space 131072K, 35% used [0x0000000701e00000,0x0000000704bc2110,0x0000000709e00000)
 Metaspace       used 19307K, capacity 19618K, committed 19840K, reserved 1067008K
  class space    used 2554K, capacity 2644K, committed 2688K, reserved 1048576K
}
Event: 8.414 GC heap before
{Heap before GC invocations=7 (full 0):
 PSYoungGen      total 217600K, used 217583K [0x0000000780a00000, 0x000000078fd00000, 0x00000007c0000000)
  eden space 194048K, 100% used [0x0000000780a00000,0x000000078c780000,0x000000078c780000)
  from space 23552K, 99% used [0x000000078e100000,0x000000078f7fbfd8,0x000000078f800000)
  to   space 26112K, 0% used [0x000000078c780000,0x000000078c780000,0x000000078e100000)
 ParOldGen       total 131072K, used 46856K [0x0000000701e00000, 0x0000000709e00000, 0x0000000780a00000)
  object space 131072K, 35% used [0x0000000701e00000,0x0000000704bc2110,0x0000000709e00000)
 Metaspace       used 19307K, capacity 19618K, committed 19840K, reserved 1067008K
  class space    used 2554K, capacity 2644K, committed 2688K, reserved 1048576K
Event: 8.467 GC heap after
Heap after GC invocations=7 (full 0):
 PSYoungGen      total 220160K, used 26096K [0x0000000780a00000, 0x000000079ce00000, 0x00000007c0000000)
  eden space 194048K, 0% used [0x0000000780a00000,0x0000000780a00000,0x000000078c780000)
  from space 26112K, 99% used [0x000000078c780000,0x000000078e0fc010,0x000000078e100000)
  to   space 37376K, 0% used [0x000000079a980000,0x000000079a980000,0x000000079ce00000)
 ParOldGen       total 131072K, used 63927K [0x0000000701e00000, 0x0000000709e00000, 0x0000000780a00000)
  object space 131072K, 48% used [0x0000000701e00000,0x0000000705c6df68,0x0000000709e00000)
 Metaspace       used 19307K, capacity 19618K, committed 19840K, reserved 1067008K
  class space    used 2554K, capacity 2644K, committed 2688K, reserved 1048576K
}
Event: 8.581 GC heap before
{Heap before GC invocations=8 (full 0):
 PSYoungGen      total 220160K, used 220144K [0x0000000780a00000, 0x000000079ce00000, 0x00000007c0000000)
  eden space 194048K, 100% used [0x0000000780a00000,0x000000078c780000,0x000000078c780000)
  from space 26112K, 99% used [0x000000078c780000,0x000000078e0fc010,0x000000078e100000)
  to   space 37376K, 0% used [0x000000079a980000,0x000000079a980000,0x000000079ce00000)
 ParOldGen       total 131072K, used 63927K [0x0000000701e00000, 0x0000000709e00000, 0x0000000780a00000)
  object space 131072K, 48% used [0x0000000701e00000,0x0000000705c6df68,0x0000000709e00000)
 Metaspace       used 19308K, capacity 19618K, committed 19840K, reserved 1067008K
  class space    used 2554K, capacity 2644K, committed 2688K, reserved 1048576K
Event: 8.608 GC heap after
Heap after GC invocations=8 (full 0):
 PSYoungGen      total 414720K, used 37376K [0x0000000780a00000, 0x000000079e300000, 0x00000007c0000000)
  eden space 377344K, 0% used [0x0000000780a00000,0x0000000780a00000,0x0000000797a80000)
  from space 37376K, 100% used [0x000000079a980000,0x000000079ce00000,0x000000079ce00000)
  to   space 48128K, 0% used [0x0000000797a80000,0x0000000797a80000,0x000000079a980000)
 ParOldGen       total 131072K, used 77591K [0x0000000701e00000, 0x0000000709e00000, 0x0000000780a00000)
  object space 131072K, 59% used [0x0000000701e00000,0x00000007069c5f98,0x0000000709e00000)
 Metaspace       used 19308K, capacity 19618K, committed 19840K, reserved 1067008K
  class space    used 2554K, capacity 2644K, committed 2688K, reserved 1048576K
}
Event: 8.881 GC heap before
{Heap before GC invocations=9 (full 0):
 PSYoungGen      total 414720K, used 414720K [0x0000000780a00000, 0x000000079e300000, 0x00000007c0000000)
  eden space 377344K, 100% used [0x0000000780a00000,0x0000000797a80000,0x0000000797a80000)
  from space 37376K, 100% used [0x000000079a980000,0x000000079ce00000,0x000000079ce00000)
  to   space 48128K, 0% used [0x0000000797a80000,0x0000000797a80000,0x000000079a980000)
 ParOldGen       total 131072K, used 77591K [0x0000000701e00000, 0x0000000709e00000, 0x0000000780a00000)
  object space 131072K, 59% used [0x0000000701e00000,0x00000007069c5f98,0x0000000709e00000)
 Metaspace       used 19326K, capacity 19682K, committed 19840K, reserved 1067008K
  class space    used 2555K, capacity 2644K, committed 2688K, reserved 1048576K
Event: 8.931 GC heap after
Heap after GC invocations=9 (full 0):
 PSYoungGen      total 425472K, used 48128K [0x0000000780a00000, 0x000000079e300000, 0x00000007c0000000)
  eden space 377344K, 0% used [0x0000000780a00000,0x0000000780a00000,0x0000000797a80000)
  from space 48128K, 100% used [0x0000000797a80000,0x000000079a980000,0x000000079a980000)
  to   space 37376K, 0% used [0x000000079a980000,0x000000079a980000,0x000000079ce00000)
 ParOldGen       total 131072K, used 117427K [0x0000000701e00000, 0x0000000709e00000, 0x0000000780a00000)
  object space 131072K, 89% used [0x0000000701e00000,0x00000007090accb8,0x0000000709e00000)
 Metaspace       used 19326K, capacity 19682K, committed 19840K, reserved 1067008K
  class space    used 2555K, capacity 2644K, committed 2688K, reserved 1048576K
}
Event: 8.931 GC heap before
{Heap before GC invocations=10 (full 1):
 PSYoungGen      total 425472K, used 48128K [0x0000000780a00000, 0x000000079e300000, 0x00000007c0000000)
  eden space 377344K, 0% used [0x0000000780a00000,0x0000000780a00000,0x0000000797a80000)
  from space 48128K, 100% used [0x0000000797a80000,0x000000079a980000,0x000000079a980000)
  to   space 37376K, 0% used [0x000000079a980000,0x000000079a980000,0x000000079ce00000)
 ParOldGen       total 131072K, used 117427K [0x0000000701e00000, 0x0000000709e00000, 0x0000000780a00000)
  object space 131072K, 89% used [0x0000000701e00000,0x00000007090accb8,0x0000000709e00000)
 Metaspace       used 19326K, capacity 19682K, committed 19840K, reserved 1067008K
  class space    used 2555K, capacity 2644K, committed 2688K, reserved 1048576K
Event: 9.074 GC heap after
Heap after GC invocations=10 (full 1):
 PSYoungGen      total 425472K, used 6098K [0x0000000780a00000, 0x000000079e300000, 0x00000007c0000000)
  eden space 377344K, 0% used [0x0000000780a00000,0x0000000780a00000,0x0000000797a80000)
  from space 48128K, 12% used [0x0000000797a80000,0x0000000798074ae0,0x000000079a980000)
  to   space 37376K, 0% used [0x000000079a980000,0x000000079a980000,0x000000079ce00000)
 ParOldGen       total 131072K, used 130934K [0x0000000701e00000, 0x0000000709e00000, 0x0000000780a00000)
  object space 131072K, 99% used [0x0000000701e00000,0x0000000709ddd950,0x0000000709e00000)
 Metaspace       used 19320K, capacity 19664K, committed 19840K, reserved 1067008K
  class space    used 2553K, capacity 2641K, committed 2688K, reserved 1048576K
}

